<?xml version="1.0" encoding="utf-8"?><testsuites name="pytest tests"><testsuite name="pytest" errors="0" failures="0" skipped="0" tests="11" time="1.057" timestamp="2026-05-26T14:27:46.698062+00:00" hostname="agent-env-9b394056-b30f-43f1-b367-d20f853a7d91"><testcase classname="backend.tests.test_iteration2.TestGetReadingById" name="test_seeded_demo_reading" time="0.226" /><testcase classname="backend.tests.test_iteration2.TestGetReadingById" name="test_nonexistent_returns_404" time="0.057" /><testcase classname="backend.tests.test_iteration2.TestWhatsAppSubscribe" name="test_valid_subscribe" time="0.055" /><testcase classname="backend.tests.test_iteration2.TestWhatsAppSubscribe" name="test_idempotent_upsert" time="0.114" /><testcase classname="backend.tests.test_iteration2.TestWhatsAppSubscribe" name="test_short_phone_rejected" time="0.067" /><testcase classname="backend.tests.test_iteration2.TestWhatsAppSubscribe" name="test_8plus_chars_but_few_digits_rejected" time="0.053" /><testcase classname="backend.tests.test_iteration2.TestWhatsAppSubscribe" name="test_missing_name" time="0.050" /><testcase classname="backend.tests.test_iteration2.TestNotify" name="test_valid_email" time="0.057" /><testcase classname="backend.tests.test_iteration2.TestNotify" name="test_invalid_email" time="0.051" /><testcase classname="backend.tests.test_iteration2.TestNotify" name="test_idempotent_same_email_product" time="0.103" /><testcase classname="backend.tests.test_iteration2.TestNotify" name="test_default_product" time="0.050" /></testsuite></testsuites>