<?xml version="1.0" encoding="utf-8"?><testsuites name="pytest tests"><testsuite name="pytest" errors="0" failures="5" skipped="0" tests="14" time="2.885" timestamp="2026-05-26T14:15:40.784468+00:00" hostname="agent-env-9b394056-b30f-43f1-b367-d20f853a7d91"><testcase classname="backend.tests.backend_test.TestHealth" name="test_health_ok" time="1.462" /><testcase classname="backend.tests.backend_test.TestHealth" name="test_root" time="0.078" /><testcase classname="backend.tests.backend_test.TestReadingValidation" name="test_missing_name_returns_422" time="0.060" /><testcase classname="backend.tests.backend_test.TestReadingValidation" name="test_missing_dob_returns_422" time="0.058" /><testcase classname="backend.tests.backend_test.TestReadingValidation" name="test_missing_place_returns_422" time="0.068" /><testcase classname="backend.tests.backend_test.TestReadingValidation" name="test_empty_name_returns_422" time="0.051" /><testcase classname="backend.tests.backend_test.TestReadingGeneration" name="test_reading_career_valid" time="0.255"><failure message="AssertionError: Unexpected status: 502 body={&quot;detail&quot;:&quot;Astro engine unavailable: Failed to generate chat completion: litellm.BadRequestError: OpenAIException - Budget has been exceeded! Current cost: 0&quot;}&#10;assert 502 == 200&#10; +  where 502 = &lt;Response [502]&gt;.status_code">backend/tests/backend_test.py:114: in test_reading_career_valid
    assert r.status_code == 200, f"Unexpected status: {r.status_code} body={r.text[:300]}"
E   AssertionError: Unexpected status: 502 body={"detail":"Astro engine unavailable: Failed to generate chat completion: litellm.BadRequestError: OpenAIException - Budget has been exceeded! Current cost: 0"}
E   assert 502 == 200
E    +  where 502 = &lt;Response [502]&gt;.status_code</failure></testcase><testcase classname="backend.tests.backend_test.TestReadingGeneration" name="test_reading_each_focus_area[love]" time="0.098"><failure message="AssertionError: focus=love status=502 body={&quot;detail&quot;:&quot;Astro engine unavailable: Failed to generate chat completion: litellm.BadRequestError: OpenAIException - Budget has been exceeded! Current cost: 0&quot;}&#10;assert 502 == 200&#10; +  where 502 = &lt;Response [502]&gt;.status_code">backend/tests/backend_test.py:130: in test_reading_each_focus_area
    assert r.status_code == 200, f"focus={focus} status={r.status_code} body={r.text[:300]}"
E   AssertionError: focus=love status=502 body={"detail":"Astro engine unavailable: Failed to generate chat completion: litellm.BadRequestError: OpenAIException - Budget has been exceeded! Current cost: 0"}
E   assert 502 == 200
E    +  where 502 = &lt;Response [502]&gt;.status_code</failure></testcase><testcase classname="backend.tests.backend_test.TestReadingGeneration" name="test_reading_each_focus_area[marriage]" time="0.091"><failure message="AssertionError: focus=marriage status=502 body={&quot;detail&quot;:&quot;Astro engine unavailable: Failed to generate chat completion: litellm.BadRequestError: OpenAIException - Budget has been exceeded! Current cost: 0&quot;}&#10;assert 502 == 200&#10; +  where 502 = &lt;Response [502]&gt;.status_code">backend/tests/backend_test.py:130: in test_reading_each_focus_area
    assert r.status_code == 200, f"focus={focus} status={r.status_code} body={r.text[:300]}"
E   AssertionError: focus=marriage status=502 body={"detail":"Astro engine unavailable: Failed to generate chat completion: litellm.BadRequestError: OpenAIException - Budget has been exceeded! Current cost: 0"}
E   assert 502 == 200
E    +  where 502 = &lt;Response [502]&gt;.status_code</failure></testcase><testcase classname="backend.tests.backend_test.TestReadingGeneration" name="test_reading_each_focus_area[finance]" time="0.100"><failure message="AssertionError: focus=finance status=502 body={&quot;detail&quot;:&quot;Astro engine unavailable: Failed to generate chat completion: litellm.BadRequestError: OpenAIException - Budget has been exceeded! Current cost: 0&quot;}&#10;assert 502 == 200&#10; +  where 502 = &lt;Response [502]&gt;.status_code">backend/tests/backend_test.py:130: in test_reading_each_focus_area
    assert r.status_code == 200, f"focus={focus} status={r.status_code} body={r.text[:300]}"
E   AssertionError: focus=finance status=502 body={"detail":"Astro engine unavailable: Failed to generate chat completion: litellm.BadRequestError: OpenAIException - Budget has been exceeded! Current cost: 0"}
E   assert 502 == 200
E    +  where 502 = &lt;Response [502]&gt;.status_code</failure></testcase><testcase classname="backend.tests.backend_test.TestReadingGeneration" name="test_reading_each_focus_area[life_direction]" time="0.084"><failure message="AssertionError: focus=life_direction status=502 body={&quot;detail&quot;:&quot;Astro engine unavailable: Failed to generate chat completion: litellm.BadRequestError: OpenAIException - Budget has been exceeded! Current cost: 0&quot;}&#10;assert 502 == 200&#10; +  where 502 = &lt;Response [502]&gt;.status_code">backend/tests/backend_test.py:130: in test_reading_each_focus_area
    assert r.status_code == 200, f"focus={focus} status={r.status_code} body={r.text[:300]}"
E   AssertionError: focus=life_direction status=502 body={"detail":"Astro engine unavailable: Failed to generate chat completion: litellm.BadRequestError: OpenAIException - Budget has been exceeded! Current cost: 0"}
E   assert 502 == 200
E    +  where 502 = &lt;Response [502]&gt;.status_code</failure></testcase><testcase classname="backend.tests.backend_test.TestContact" name="test_contact_valid_email" time="0.065" /><testcase classname="backend.tests.backend_test.TestContact" name="test_contact_invalid_email" time="0.051" /><testcase classname="backend.tests.backend_test.TestContact" name="test_contact_missing_email" time="0.050" /></testsuite></testsuites>